

HI-TECH Software PIC LITE Macro Assembler V9.71a build 6446 
                                                                                               Tue Sep 22 10:38:46 2015

HI-TECH Software Omniscient Code Generator (Lite mode) build 6446
     1  0000                     opt subtitle "HI-TECH Software Omniscient Code Generator (Lite mode) build 6446"
     2                           
     3                           opt pagewidth 120
     4                           
     5                           	opt lm
     6                           
     7                           	processor	16F877A
     8                           clrc	macro
     9                           	bcf	3,0
    10  0000                     	endm
    11                           clrz	macro
    12                           	bcf	3,2
    13  0000                     	endm
    14                           setc	macro
    15                           	bsf	3,0
    16  0000                     	endm
    17                           setz	macro
    18                           	bsf	3,2
    19  0000                     	endm
    20                           skipc	macro
    21                           	btfss	3,0
    22  0000                     	endm
    23                           skipz	macro
    24                           	btfss	3,2
    25  0000                     	endm
    26                           skipnc	macro
    27                           	btfsc	3,0
    28  0000                     	endm
    29                           skipnz	macro
    30                           	btfsc	3,2
    31  0000                     	endm
    32  0000                     indf	equ	0
    33  0000                     indf0	equ	0
    34  0002                     pc	equ	2
    35  0002                     pcl	equ	2
    36  0003                     status	equ	3
    37  0004                     fsr	equ	4
    38  0004                     fsr0	equ	4
    39  0001                     c	equ	1
    40  0000                     z	equ	0
    41  000A                     pclath	equ	10
    42                           	FNROOT	_main
    43                           psect	maintext,global,class=CODE,delta=2
    44                           global __pmaintext
    45  07F9                     __pmaintext:
    46                           	file	"GPRS-SIM-300.as"
    47                           	line	#
    48                           psect cinit,class=CODE,delta=2
    49                           global start_initialization
    50  07FC                     start_initialization:
    51                           
    52                           psect cinit,class=CODE,delta=2
    53                           global end_of_initialization
    54                           
    55                           ;End of C runtime variable initialization code
    56                           
    57  07FC                     end_of_initialization:
    58  07FC  0183               clrf status
    59  07FD  120A  118A  2FF9   ljmp _main	;jump to C main() function
    60                           psect	cstackCOMMON,class=COMMON,space=1
    61                           global __pcstackCOMMON
    62  0000                     __pcstackCOMMON:
    63                           	global	?_main
    64  0000                     ?_main:	; 0 bytes @ 0x0
    65                           	global	??_main
    66  0000                     ??_main:	; 0 bytes @ 0x0
    67 ;;Data sizes: Strings 0, constant 0, data 0, bss 0, persistent 0 stack 0
    68 ;;Auto spaces:   Size  Autos    Used
    69 ;; COMMON          14      0       0
    70 ;; BANK0           80      0       0
    71 ;; BANK1           80      0       0
    72 ;; BANK3           96      0       0
    73 ;; BANK2           96      0       0
    74                           
    75 ;;
    76 ;; Pointer list with targets:
    77                           
    78                           
    79                           
    80 ;;
    81 ;; Critical Paths under _main in COMMON
    82 ;;
    83 ;;   None.
    84 ;;
    85 ;; Critical Paths under _main in BANK0
    86 ;;
    87 ;;   None.
    88 ;;
    89 ;; Critical Paths under _main in BANK1
    90 ;;
    91 ;;   None.
    92 ;;
    93 ;; Critical Paths under _main in BANK3
    94 ;;
    95 ;;   None.
    96 ;;
    97 ;; Critical Paths under _main in BANK2
    98 ;;
    99 ;;   None.
   100                           
   101 ;;
   102 ;;Main: autosize = 0, tempsize = 0, incstack = 0, save=0
   103 ;;
   104                           
   105 ;;
   106 ;;Call Graph Tables:
   107 ;;
   108 ;; ---------------------------------------------------------------------------------
   109 ;; (Depth) Function   	        Calls       Base Space   Used Autos Params    Refs
   110 ;; ---------------------------------------------------------------------------------
   111 ;; (0) _main                                                 0     0      0       0
   112 ;; ---------------------------------------------------------------------------------
   113 ;; Estimated maximum stack depth 0
   114 ;; ---------------------------------------------------------------------------------
   115                           
   116 ;; Call Graph Graphs:
   117                           
   118 ;; _main (ROOT)
   119 ;;
   120                           
   121 ;; Address spaces:
   122                           
   123 ;;Name               Size   Autos  Total    Cost      Usage
   124 ;;BITCOMMON            E      0       0       0        0.0%
   125 ;;EEDATA             100      0       0       0        0.0%
   126 ;;NULL                 0      0       0       0        0.0%
   127 ;;CODE                 0      0       0       0        0.0%
   128 ;;COMMON               E      0       0       1        0.0%
   129 ;;BITSFR0              0      0       0       1        0.0%
   130 ;;SFR0                 0      0       0       1        0.0%
   131 ;;BITSFR1              0      0       0       2        0.0%
   132 ;;SFR1                 0      0       0       2        0.0%
   133 ;;STACK                0      0       0       2        0.0%
   134 ;;ABS                  0      0       0       3        0.0%
   135 ;;BITBANK0            50      0       0       4        0.0%
   136 ;;BITSFR3              0      0       0       4        0.0%
   137 ;;SFR3                 0      0       0       4        0.0%
   138 ;;BANK0               50      0       0       5        0.0%
   139 ;;BITSFR2              0      0       0       5        0.0%
   140 ;;SFR2                 0      0       0       5        0.0%
   141 ;;BITBANK1            50      0       0       6        0.0%
   142 ;;BANK1               50      0       0       7        0.0%
   143 ;;BITBANK3            60      0       0       8        0.0%
   144 ;;BANK3               60      0       0       9        0.0%
   145 ;;BITBANK2            60      0       0      10        0.0%
   146 ;;BANK2               60      0       0      11        0.0%
   147 ;;DATA                 0      0       0      12        0.0%
   148                           
   149                           	global	_main
   150                           psect	maintext
   151                           
   152 ;; *************** function _main *****************
   153 ;; Defined at:
   154 ;;		line 8 in file "C:\Users\Anderson Queiroz\Desktop\Sistema Embarcado\GPRS\main.c"
   155 ;; Parameters:    Size  Location     Type
   156 ;;		None
   157 ;; Auto vars:     Size  Location     Type
   158 ;;		None
   159 ;; Return value:  Size  Location     Type
   160 ;;		None               void
   161 ;; Registers used:
   162 ;;		None
   163 ;; Tracked objects:
   164 ;;		On entry : 17F/0
   165 ;;		On exit  : 0/0
   166 ;;		Unchanged: 0/0
   167 ;; Data sizes:     COMMON   BANK0   BANK1   BANK3   BANK2
   168 ;;      Params:         0       0       0       0       0
   169 ;;      Locals:         0       0       0       0       0
   170 ;;      Temps:          0       0       0       0       0
   171 ;;      Totals:         0       0       0       0       0
   172 ;;Total ram usage:        0 bytes
   173 ;; This function calls:
   174 ;;		Nothing
   175 ;; This function is called by:
   176 ;;		Startup code after reset
   177 ;; This function uses a non-reentrant model
   178 ;;
   179                           psect	maintext
   180                           	file	"C:\Users\Anderson Queiroz\Desktop\Sistema Embarcado\GPRS\main.c"
   181                           	line	8
   182                           	global	__size_of_main
   183  0003                     	__size_of_main	equ	__end_of_main-_main
   184                           	
   185  07F9                     _main:	
   186                           	opt	stack 8
   187                           ; Regs used in _main: []
   188                           	line	11
   189                           	
   190  07F9                     l559:	
   191                           	global	start
   192  07F9  120A  118A  2800   	ljmp	start
   193                           	opt stack 0
   194                           GLOBAL	__end_of_main
   195  07FC                     	__end_of_main:
   196 ;; =============== function _main ends ============
   197                           
   198                           	signat	_main,88
   199                           psect	maintext
   200                           	global	btemp
   201  007E                     	btemp set 07Eh
   202                           
   203                           	DABS	1,126,2	;btemp
   204                           	global	wtemp0
   205  007E                     	wtemp0 set btemp


HI-TECH Software PICC Macro Assembler V9.71a build 6446 
Symbol Table                                                                                   Tue Sep 22 10:38:46 2015

                 l559 07F9                  _main 07F9                  btemp 007E                  start 0000  
               ?_main 0000                 status 0003                 wtemp0 007E          __end_of_main 07FC  
              ??_main 0000        __pcstackCOMMON 0000            __pmaintext 07F9  end_of_initialization 07FC  
 start_initialization 07FC         __size_of_main 0003  
